c:\projects\spectral\spectral\x64\release\vc143.pdb
c:\projects\spectral\spectral\x64\release\texturemanager.obj
c:\projects\spectral\spectral\x64\release\texture.obj
c:\projects\spectral\spectral\x64\release\imgui_widgets.obj
c:\projects\spectral\spectral\x64\release\imgui_tables.obj
c:\projects\spectral\spectral\x64\release\imgui_impl_sdlrenderer2.obj
c:\projects\spectral\spectral\x64\release\imgui_impl_sdl2.obj
c:\projects\spectral\spectral\x64\release\imgui_draw.obj
c:\projects\spectral\spectral\x64\release\imgui_demo.obj
c:\projects\spectral\spectral\x64\release\imguizmo.obj
c:\projects\spectral\spectral\x64\release\imgui.obj
c:\projects\spectral\spectral\x64\release\spectral.obj
c:\projects\spectral\spectral\x64\release\player.obj
c:\projects\spectral\spectral\x64\release\physxmanager.obj
c:\projects\spectral\spectral\x64\release\modelmanager.obj
c:\projects\spectral\spectral\x64\release\mesh.obj
c:\projects\spectral\spectral\x64\release\matrix.obj
c:\projects\spectral\spectral\x64\release\main.obj
c:\projects\spectral\spectral\x64\release\gameobject.obj
c:\projects\spectral\spectral\x64\release\editor.obj
c:\projects\spectral\spectral\x64\release\vector3.obj
c:\projects\spectral\spectral\x64\release\vector2.obj
c:\projects\spectral\spectral\x64\release\triangle.obj
c:\projects\spectral\spectral\x64\release\objectmanager.obj
c:\projects\spectral\spectral\x64\release\meshcomponent.obj
c:\projects\spectral\spectral\x64\release\component.obj
c:\projects\spectral\spectral\x64\release\physicscomponent.obj
c:\projects\spectral\spectral\x64\release\componentbase.obj
c:\projects\spectral\spectral\x64\release\objecthandler.obj
c:\projects\spectral\spectral\x64\release\spectral.ipdb
c:\projects\spectral\spectral\x64\release\spectral.iobj
c:\projects\spectral\x64\release\spectral.pdb
c:\projects\spectral\spectral\x64\release\spectral.tlog\cl.command.1.tlog
c:\projects\spectral\spectral\x64\release\spectral.tlog\cl.items.tlog
c:\projects\spectral\spectral\x64\release\spectral.tlog\cl.read.1.tlog
c:\projects\spectral\spectral\x64\release\spectral.tlog\cl.write.1.tlog
c:\projects\spectral\spectral\x64\release\spectral.tlog\link.command.1.tlog
c:\projects\spectral\spectral\x64\release\spectral.tlog\link.read.1.tlog
c:\projects\spectral\spectral\x64\release\spectral.tlog\link.write.1.tlog
