c:\projects\spectral\spectral\x64\debug\vc143.pdb
c:\projects\spectral\spectral\x64\debug\vc143.idb
c:\projects\spectral\spectral\x64\debug\particlecomponent.obj
c:\projects\spectral\spectral\x64\debug\objectmanager.obj
c:\projects\spectral\spectral\x64\debug\modelmanager.obj
c:\projects\spectral\spectral\x64\debug\meshcomponent.obj
c:\projects\spectral\spectral\x64\debug\mesh.obj
c:\projects\spectral\spectral\x64\debug\matrix.obj
c:\projects\spectral\spectral\x64\debug\materialmanager.obj
c:\projects\spectral\spectral\x64\debug\material.obj
c:\projects\spectral\spectral\x64\debug\main.obj
c:\projects\spectral\spectral\x64\debug\linematerial.obj
c:\projects\spectral\spectral\x64\debug\lightcomponent.obj
c:\projects\spectral\spectral\x64\debug\irender.obj
c:\projects\spectral\spectral\x64\debug\iomanager.obj
c:\projects\spectral\spectral\x64\debug\inputmanager.obj
c:\projects\spectral\spectral\x64\debug\gameobject.obj
c:\projects\spectral\spectral\x64\debug\editorutils.obj
c:\projects\spectral\spectral\x64\debug\editor.obj
c:\projects\spectral\spectral\x64\debug\deviceresources.obj
c:\projects\spectral\spectral\x64\debug\componentfactory.obj
c:\projects\spectral\spectral\x64\debug\component.obj
c:\projects\spectral\spectral\x64\debug\triangle.obj
c:\projects\spectral\spectral\x64\debug\texturemanager.obj
c:\projects\spectral\spectral\x64\debug\texture.obj
c:\projects\spectral\spectral\x64\debug\stringutils.obj
c:\projects\spectral\spectral\x64\debug\imgui_widgets.obj
c:\projects\spectral\spectral\x64\debug\imgui_tables.obj
c:\projects\spectral\spectral\x64\debug\imgui_impl_win32.obj
c:\projects\spectral\spectral\x64\debug\imgui_impl_dx11.obj
c:\projects\spectral\spectral\x64\debug\imgui_draw.obj
c:\projects\spectral\spectral\x64\debug\imgui_demo.obj
c:\projects\spectral\spectral\x64\debug\imguizmo.obj
c:\projects\spectral\spectral\x64\debug\imgui.obj
c:\projects\spectral\spectral\x64\debug\ddstextureloader11.obj
c:\projects\spectral\spectral\x64\debug\spectral.obj
c:\projects\spectral\spectral\x64\debug\shadowmanager.obj
c:\projects\spectral\spectral\x64\debug\rendermanager.obj
c:\projects\spectral\spectral\x64\debug\player.obj
c:\projects\spectral\spectral\x64\debug\physxmanager.obj
c:\projects\spectral\spectral\x64\debug\physicscomponent.obj
c:\projects\spectral\spectral\x64\debug\pch.obj
c:\projects\spectral\spectral\x64\debug\vector3.obj
c:\projects\spectral\spectral\x64\debug\vector2.obj
c:\projects\spectral\spectral\x64\debug\undo.obj
c:\projects\spectral\spectral\x64\debug\profilermanager.obj
c:\projects\spectral\spectral\x64\debug\profileobject.obj
c:\projects\spectral\spectral\x64\debug\defaultassets.obj
c:\projects\spectral\spectral\x64\debug\skyboxmanager.obj
c:\projects\spectral\spectral\x64\debug\projectbrowsermanager.obj
c:\projects\spectral\x64\debug\pbrpixelshader.cso
c:\projects\spectral\x64\debug\linepixelshader.cso
c:\projects\spectral\x64\debug\linevertexshader.cso
c:\projects\spectral\x64\debug\shadowdepthvertexshader.cso
c:\projects\spectral\x64\debug\vertexshader.cso
c:\projects\spectral\x64\debug\simplepixelshader.cso
c:\projects\spectral\x64\debug\simplevertexshader.cso
c:\projects\spectral\x64\debug\pixelshader.cso
c:\projects\spectral\x64\debug\billboardvertexshader.cso
c:\projects\spectral\x64\debug\spectral.exe
c:\projects\spectral\x64\debug\spectral.pdb
c:\projects\spectral\spectral\x64\debug\spectral.ilk
c:\projects\spectral\spectral\x64\debug\projectbrowser.obj
c:\projects\spectral\spectral\x64\debug\spectral.tlog\cl.command.1.tlog
c:\projects\spectral\spectral\x64\debug\spectral.tlog\cl.items.tlog
c:\projects\spectral\spectral\x64\debug\spectral.tlog\cl.read.1.tlog
c:\projects\spectral\spectral\x64\debug\spectral.tlog\cl.write.1.tlog
c:\projects\spectral\spectral\x64\debug\spectral.tlog\dxc.command.1.tlog
c:\projects\spectral\spectral\x64\debug\spectral.tlog\dxc.read.1.tlog
c:\projects\spectral\spectral\x64\debug\spectral.tlog\dxc.write.1.tlog
c:\projects\spectral\spectral\x64\debug\spectral.tlog\fxc.command.1.tlog
c:\projects\spectral\spectral\x64\debug\spectral.tlog\fxc.read.1.tlog
c:\projects\spectral\spectral\x64\debug\spectral.tlog\fxc.write.1.tlog
c:\projects\spectral\spectral\x64\debug\spectral.tlog\link.command.1.tlog
c:\projects\spectral\spectral\x64\debug\spectral.tlog\link.read.1.tlog
c:\projects\spectral\spectral\x64\debug\spectral.tlog\link.secondary.1.tlog
c:\projects\spectral\spectral\x64\debug\spectral.tlog\link.write.1.tlog
